<?xml version="1.0" encoding="UTF-8"?>
<testng-results skipped="0" failed="0" total="2" passed="2">
  <reporter-output>
  </reporter-output>
  <suite name="TestNG" duration-ms="1552" started-at="2018-01-12T13:10:21Z" finished-at="2018-01-12T13:10:23Z">
    <groups>
    </groups>
    <test name="GetData" duration-ms="1552" started-at="2018-01-12T13:10:21Z" finished-at="2018-01-12T13:10:23Z">
      <class name="getRequest.GetData">
        <test-method status="PASS" signature="testResponsecode()[pri:0, instance:getRequest.GetData@328908cd]" name="testResponsecode" duration-ms="1461" started-at="2018-01-12T13:10:21Z" finished-at="2018-01-12T13:10:23Z">
        </test-method>
        <test-method status="PASS" signature="testbody()[pri:0, instance:getRequest.GetData@328908cd]" name="testbody" duration-ms="81" started-at="2018-01-12T13:10:23Z" finished-at="2018-01-12T13:10:23Z">
        </test-method>
      </class>
    </test>
  </suite>
</testng-results>
