<?xml version="1.0" encoding="UTF-8"?>
<testng-results skipped="0" failed="0" ignored="0" total="2" passed="2">
  <reporter-output>
  </reporter-output>
  <suite name="Default suite" duration-ms="2153" started-at="2018-01-10T14:32:16Z" finished-at="2018-01-10T14:32:18Z">
    <groups>
    </groups>
    <test name="Default test" duration-ms="2153" started-at="2018-01-10T14:32:16Z" finished-at="2018-01-10T14:32:18Z">
      <class name="getRequest.GetData">
        <test-method status="PASS" signature="testResponsecode()[pri:0, instance:getRequest.GetData@2a2d45ba]" name="testResponsecode" duration-ms="2044" started-at="2018-01-10T20:02:16Z" finished-at="2018-01-10T20:02:18Z">
          <reporter-output>
          </reporter-output>
        </test-method> <!-- testResponsecode -->
        <test-method status="PASS" signature="testbody()[pri:0, instance:getRequest.GetData@2a2d45ba]" name="testbody" duration-ms="71" started-at="2018-01-10T20:02:18Z" finished-at="2018-01-10T20:02:18Z">
          <reporter-output>
          </reporter-output>
        </test-method> <!-- testbody -->
      </class> <!-- getRequest.GetData -->
    </test> <!-- Default test -->
  </suite> <!-- Default suite -->
</testng-results>
