<?xml version="1.0" encoding="UTF-8"?>
<testng-results skipped="0" failed="0" ignored="0" total="2" passed="2">
  <reporter-output>
  </reporter-output>
  <suite name="TestNG" duration-ms="2192" started-at="2018-01-11T16:40:00Z" finished-at="2018-01-11T16:40:03Z">
    <groups>
    </groups>
    <test name="GetData" duration-ms="2192" started-at="2018-01-11T16:40:00Z" finished-at="2018-01-11T16:40:03Z">
      <class name="getRequest.GetData">
        <test-method status="PASS" signature="testResponsecode()[pri:0, instance:getRequest.GetData@2a2d45ba]" name="testResponsecode" duration-ms="2064" started-at="2018-01-11T22:10:00Z" finished-at="2018-01-11T22:10:03Z">
          <reporter-output>
          </reporter-output>
        </test-method> <!-- testResponsecode -->
        <test-method status="PASS" signature="testbody()[pri:0, instance:getRequest.GetData@2a2d45ba]" name="testbody" duration-ms="96" started-at="2018-01-11T22:10:03Z" finished-at="2018-01-11T22:10:03Z">
          <reporter-output>
          </reporter-output>
        </test-method> <!-- testbody -->
      </class> <!-- getRequest.GetData -->
    </test> <!-- GetData -->
  </suite> <!-- TestNG -->
</testng-results>
